<?xml version="1.0" encoding="UTF-8"?>
<!-- Generated by org.testng.reporters.JUnitReportReporter -->
<testsuite skipped="0" hostname="prajkta-PC" name="com.Nedbank.TestCases.TC_Lgin_DDT_002" tests="3" failures="0" timestamp="16 Aug 2020 23:02:21 GMT" time="29.243" errors="0">
  <testcase name="loginDDT" time="13.878" classname="com.Nedbank.TestCases.TC_Lgin_DDT_002"/>
  <testcase name="loginDDT" time="9.501" classname="com.Nedbank.TestCases.TC_Lgin_DDT_002"/>
  <testcase name="loginDDT" time="5.864" classname="com.Nedbank.TestCases.TC_Lgin_DDT_002"/>
</testsuite> <!-- com.Nedbank.TestCases.TC_Lgin_DDT_002 -->
