<?xml version="1.0" encoding="UTF-8"?>
<!-- Generated by org.testng.reporters.JUnitReportReporter -->
<testsuite skipped="0" hostname="prajkta-PC" name="com.Nedbank.TestCases.TC_LoginPage_001" tests="1" failures="0" timestamp="15 Aug 2020 07:37:55 GMT" time="22.206" errors="0">
  <testcase name="loginPage_Test" time="22.206" classname="com.Nedbank.TestCases.TC_LoginPage_001"/>
</testsuite> <!-- com.Nedbank.TestCases.TC_LoginPage_001 -->
